07-06-2021 17:49 - Se ha iniciado la AppPilotoKart
07-06-2021 17:50 - Se ha creado un piloto de nombre: hu
07-06-2021 17:50 - Se han cargado los pilotos por defecto 
07-06-2021 17:50 - Se han mostrado los pilotos
07-06-2021 17:50 - Se ha seleccionado el piloto Peach
07-06-2021 17:50 - Se ha seleccionado el piloto Donkey Kong
07-06-2021 17:50 - Se ha iniciado la AppPilotoKart
07-06-2021 17:51 - Se ha creado un piloto de nombre: vgjv
07-06-2021 17:51 - Se han cargado los pilotos por defecto 
07-06-2021 17:51 - Se ha eliminado el piloto: vgjv
07-06-2021 17:51 - Se han mostrado los pilotos
07-06-2021 17:51 - Se ha seleccionado el piloto Toad
07-06-2021 17:51 - Se ha seleccionado el piloto Donkey Kong
07-06-2021 17:54 - Se ha iniciado la AppPilotoKart
07-06-2021 17:55 - Se ha iniciado la AppPilotoKart
07-06-2021 18:04 - Se ha iniciado la AppPilotoKart
07-06-2021 18:04 - Se ha iniciado la AppPilotoKart
07-06-2021 18:05 - Se ha iniciado la AppPilotoKart
07-06-2021 18:07 - Se ha iniciado la AppPilotoKart
07-06-2021 18:07 - Se han mostrado los pilotos
07-06-2021 18:07 - Se han cargado los pilotos por defecto 
07-06-2021 18:07 - Se han mostrado los pilotos
07-06-2021 18:08 - Se ha iniciado la AppPilotoKart
07-06-2021 18:08 - Se han cargado los pilotos por defecto 
07-06-2021 18:08 - Se han mostrado los pilotos
07-06-2021 18:08 - Se ha seleccionado el piloto Koopa
07-06-2021 18:10 - Se ha iniciado la AppPilotoKart
07-06-2021 18:10 - Se han cargado los pilotos por defecto 
07-06-2021 18:10 - Se han mostrado los pilotos
07-06-2021 18:11 - Se ha iniciado la AppPilotoKart
07-06-2021 18:11 - Se han cargado los pilotos por defecto 
07-06-2021 18:11 - Se han mostrado los pilotos
07-06-2021 18:11 - Se han mostrado los pilotos
07-06-2021 18:11 - Se ha seleccionado el piloto Luigi
07-06-2021 18:12 - Se ha iniciado la AppPilotoKart
07-06-2021 18:12 - Se han cargado los pilotos por defecto 
07-06-2021 18:12 - Se han mostrado los pilotos
07-06-2021 19:01 - Se ha iniciado la AppPilotoKart
07-06-2021 19:03 - Se han mostrado los pilotos
07-06-2021 19:03 - Se han cargado los pilotos por defecto 
07-06-2021 19:03 - Se han mostrado los pilotos
07-06-2021 19:09 - Se ha iniciado la AppPilotoKart
07-06-2021 19:10 - Se ha iniciado la AppPilotoKart
07-06-2021 19:10 - Se ha creado un piloto de nombre: zzz
07-06-2021 19:10 - Se han cargado los pilotos por defecto 
07-06-2021 19:10 - Se ha eliminado el piloto: Donkey Kong
07-06-2021 19:10 - Se han mostrado los pilotos
07-06-2021 19:12 - Se ha iniciado la AppPilotoKart
07-06-2021 19:12 - Se han cargado los pilotos por defecto 
07-06-2021 21:33 - Se ha iniciado la AppPilotoKart
07-06-2021 21:33 - Se han cargado los pilotos por defecto 
07-06-2021 21:34 - Se han mostrado los pilotos
07-06-2021 21:34 - Se ha eliminado el piloto: Shyguy
26-11-2021 17:29 - Se ha iniciado la AppPilotoKart
15-01-2022 17:08 - Se ha iniciado la AppPilotoKart
15-01-2022 17:08 - Se han cargado los pilotos por defecto 
15-01-2022 17:08 - Se han mostrado los pilotos
15-01-2022 17:08 - Se ha seleccionado el piloto Bowser
15-01-2022 17:08 - Se ha seleccionado el piloto Bowser
15-01-2022 17:08 - Se ha seleccionado el piloto Daisy
15-01-2022 17:08 - Se ha creado un piloto de nombre: 
